<?xml version="1.0" encoding="UTF-8" ?>
<testsuite tests="1" failures="0" name="descorp.agendamentoweb.tests.ClienteTest" time="2.611" errors="1" skipped="0">
  <properties>
[...]
</properties>
  <testcase classname="descorp.agendamentoweb.tests.ClienteTest" name="descorp.agendamentoweb.tests.ClienteTest" time="2.611">
    <error message="Exception processing table name=&apos;ENDERECO&apos;" type="java.lang.RuntimeException">java.lang.RuntimeException: Exception processing table name=&apos;ENDERECO&apos;
	at descorp.agendamentoweb.tests.DbUnitUtil.inserirDados(DbUnitUtil.java:42)
	at descorp.agendamentoweb.tests.GenericTest.setUpClass(GenericTest.java:30)
	at java.base/jdk.internal.reflect.NativeMethodAccessorImpl.invoke0(Native Method)
	at java.base/jdk.internal.reflect.NativeMethodAccessorImpl.invoke(NativeMethodAccessorImpl.java:62)
	at java.base/jdk.internal.reflect.DelegatingMethodAccessorImpl.invoke(DelegatingMethodAccessorImpl.java:43)
	at java.base/java.lang.reflect.Method.invoke(Method.java:566)
	at org.junit.runners.model.FrameworkMethod$1.runReflectiveCall(FrameworkMethod.java:59)
	at org.junit.internal.runners.model.ReflectiveCallable.run(ReflectiveCallable.java:12)
	at org.junit.runners.model.FrameworkMethod.invokeExplosively(FrameworkMethod.java:56)
	at org.junit.internal.runners.statements.RunBefores.invokeMethod(RunBefores.java:33)
	at org.junit.internal.runners.statements.RunBefores.evaluate(RunBefores.java:24)
	at org.junit.internal.runners.statements.RunAfters.evaluate(RunAfters.java:27)
	at org.junit.runners.ParentRunner$3.evaluate(ParentRunner.java:306)
	at org.junit.runners.ParentRunner.run(ParentRunner.java:413)
	at org.apache.maven.surefire.junit4.JUnit4Provider.execute(JUnit4Provider.java:252)
	at org.apache.maven.surefire.junit4.JUnit4Provider.executeTestSet(JUnit4Provider.java:141)
	at org.apache.maven.surefire.junit4.JUnit4Provider.invoke(JUnit4Provider.java:112)
	at java.base/jdk.internal.reflect.NativeMethodAccessorImpl.invoke0(Native Method)
	at java.base/jdk.internal.reflect.NativeMethodAccessorImpl.invoke(NativeMethodAccessorImpl.java:62)
	at java.base/jdk.internal.reflect.DelegatingMethodAccessorImpl.invoke(DelegatingMethodAccessorImpl.java:43)
	at java.base/java.lang.reflect.Method.invoke(Method.java:566)
	at org.apache.maven.surefire.util.ReflectionUtils.invokeMethodWithArray(ReflectionUtils.java:189)
	at org.apache.maven.surefire.booter.ProviderFactory$ProviderProxy.invoke(ProviderFactory.java:165)
	at org.apache.maven.surefire.booter.ProviderFactory.invokeProvider(ProviderFactory.java:85)
	at org.apache.maven.surefire.booter.ForkedBooter.runSuitesInProcess(ForkedBooter.java:115)
	at org.apache.maven.surefire.booter.ForkedBooter.main(ForkedBooter.java:75)
Caused by: org.dbunit.DatabaseUnitException: Exception processing table name=&apos;ENDERECO&apos;
	at org.dbunit.operation.AbstractBatchOperation.execute(AbstractBatchOperation.java:240)
	at org.dbunit.operation.CompositeOperation.execute(CompositeOperation.java:79)
	at descorp.agendamentoweb.tests.DbUnitUtil.inserirDados(DbUnitUtil.java:38)
	... 25 more
Caused by: java.sql.SQLIntegrityConstraintViolationException: A coluna &apos;ID&apos; não aceita valor nulo.
	at org.apache.derby.client.am.SQLExceptionFactory.getSQLException(Unknown Source)
	at org.apache.derby.client.am.SqlException.getSQLException(Unknown Source)
	at org.apache.derby.client.am.ClientPreparedStatement.execute(Unknown Source)
	at org.dbunit.database.statement.SimplePreparedStatement.addBatch(SimplePreparedStatement.java:85)
	at org.dbunit.database.statement.AutomaticPreparedBatchStatement.addBatch(AutomaticPreparedBatchStatement.java:70)
	at org.dbunit.operation.AbstractBatchOperation.execute(AbstractBatchOperation.java:224)
	... 27 more
Caused by: ERROR 23502: A coluna &apos;ID&apos; não aceita valor nulo.
	at org.apache.derby.client.am.ClientStatement.completeExecute(Unknown Source)
	at org.apache.derby.client.net.NetStatementReply.parseEXCSQLSTTreply(Unknown Source)
	at org.apache.derby.client.net.NetStatementReply.readExecute(Unknown Source)
	at org.apache.derby.client.net.StatementReply.readExecute(Unknown Source)
	at org.apache.derby.client.net.NetPreparedStatement.readExecute_(Unknown Source)
	at org.apache.derby.client.am.ClientPreparedStatement.readExecute(Unknown Source)
	at org.apache.derby.client.am.ClientPreparedStatement.flowExecute(Unknown Source)
	at org.apache.derby.client.am.ClientPreparedStatement.executeX(Unknown Source)
	... 31 more
</error>
    <system-out>[EL Fine]: server: 2021-02-11 14:33:15.459--Thread(Thread[main,5,main])--Configured server platform: org.eclipse.persistence.platform.server.NoServerPlatform
[EL Config]: metadata: 2021-02-11 14:33:15.68--ServerSession(1825738663)--Thread(Thread[main,5,main])--The access type for the persistent class [class descorp.agendamentoweb.entities.Endereco] is set to [FIELD].
[EL Config]: metadata: 2021-02-11 14:33:15.72--ServerSession(1825738663)--Thread(Thread[main,5,main])--The target entity (reference) class for the one to many mapping element [field estabelecimentos] is being defaulted to: class descorp.agendamentoweb.entities.Estabelecimento.
[EL Config]: metadata: 2021-02-11 14:33:15.736--ServerSession(1825738663)--Thread(Thread[main,5,main])--The access type for the persistent class [class descorp.agendamentoweb.entities.Profissional] is set to [FIELD].
[EL Config]: metadata: 2021-02-11 14:33:15.736--ServerSession(1825738663)--Thread(Thread[main,5,main])--The target entity (reference) class for the many to many mapping element [field procedimentos] is being defaulted to: class descorp.agendamentoweb.entities.Procedimento.
[EL Config]: metadata: 2021-02-11 14:33:15.741--ServerSession(1825738663)--Thread(Thread[main,5,main])--The target entity (reference) class for the one to many mapping element [field agendamentos] is being defaulted to: class descorp.agendamentoweb.entities.Agendamento.
[EL Config]: metadata: 2021-02-11 14:33:15.744--ServerSession(1825738663)--Thread(Thread[main,5,main])--The target entity (reference) class for the many to many mapping element [field diasSemana] is being defaulted to: class descorp.agendamentoweb.entities.DiasSemana.
[EL Config]: metadata: 2021-02-11 14:33:15.747--ServerSession(1825738663)--Thread(Thread[main,5,main])--The access type for the persistent class [class descorp.agendamentoweb.entities.Sala] is set to [FIELD].
[EL Config]: metadata: 2021-02-11 14:33:15.747--ServerSession(1825738663)--Thread(Thread[main,5,main])--The target entity (reference) class for the one to one mapping element [field estabelecimento] is being defaulted to: class descorp.agendamentoweb.entities.Estabelecimento.
[EL Config]: metadata: 2021-02-11 14:33:15.749--ServerSession(1825738663)--Thread(Thread[main,5,main])--The access type for the persistent class [class descorp.agendamentoweb.entities.Usuario] is set to [FIELD].
[EL Config]: metadata: 2021-02-11 14:33:15.75--ServerSession(1825738663)--Thread(Thread[main,5,main])--The target entity (reference) class for the one to many mapping element [field agendamentos] is being defaulted to: class descorp.agendamentoweb.entities.Agendamento.
[EL Config]: metadata: 2021-02-11 14:33:15.75--ServerSession(1825738663)--Thread(Thread[main,5,main])--The access type for the persistent class [class descorp.agendamentoweb.entities.Cliente] is set to [FIELD].
[EL Config]: metadata: 2021-02-11 14:33:15.751--ServerSession(1825738663)--Thread(Thread[main,5,main])--The target entity (reference) class for the many to many mapping element [field procedimentos] is being defaulted to: class descorp.agendamentoweb.entities.Procedimento.
[EL Config]: metadata: 2021-02-11 14:33:15.752--ServerSession(1825738663)--Thread(Thread[main,5,main])--The access type for the persistent class [class descorp.agendamentoweb.entities.Agendamento] is set to [FIELD].
[EL Config]: metadata: 2021-02-11 14:33:15.753--ServerSession(1825738663)--Thread(Thread[main,5,main])--The target entity (reference) class for the many to one mapping element [field usuario] is being defaulted to: class descorp.agendamentoweb.entities.Usuario.
[EL Config]: metadata: 2021-02-11 14:33:15.755--ServerSession(1825738663)--Thread(Thread[main,5,main])--The target entity (reference) class for the many to one mapping element [field procedimento] is being defaulted to: class descorp.agendamentoweb.entities.Procedimento.
[EL Config]: metadata: 2021-02-11 14:33:15.755--ServerSession(1825738663)--Thread(Thread[main,5,main])--The target entity (reference) class for the many to one mapping element [field profissional] is being defaulted to: class descorp.agendamentoweb.entities.Profissional.
[EL Config]: metadata: 2021-02-11 14:33:15.756--ServerSession(1825738663)--Thread(Thread[main,5,main])--The access type for the persistent class [class descorp.agendamentoweb.entities.Estabelecimento] is set to [FIELD].
[EL Config]: metadata: 2021-02-11 14:33:15.756--ServerSession(1825738663)--Thread(Thread[main,5,main])--The target entity (reference) class for the many to one mapping element [field endereco] is being defaulted to: class descorp.agendamentoweb.entities.Endereco.
[EL Config]: metadata: 2021-02-11 14:33:15.757--ServerSession(1825738663)--Thread(Thread[main,5,main])--The target entity (reference) class for the one to one mapping element [field sala] is being defaulted to: class descorp.agendamentoweb.entities.Sala.
[EL Config]: metadata: 2021-02-11 14:33:15.758--ServerSession(1825738663)--Thread(Thread[main,5,main])--The access type for the persistent class [class descorp.agendamentoweb.entities.Procedimento] is set to [FIELD].
[EL Config]: metadata: 2021-02-11 14:33:15.758--ServerSession(1825738663)--Thread(Thread[main,5,main])--The target entity (reference) class for the one to many mapping element [field agendamentos] is being defaulted to: class descorp.agendamentoweb.entities.Agendamento.
[EL Config]: metadata: 2021-02-11 14:33:15.759--ServerSession(1825738663)--Thread(Thread[main,5,main])--The target entity (reference) class for the many to many mapping element [field clientes] is being defaulted to: class descorp.agendamentoweb.entities.Cliente.
[EL Config]: metadata: 2021-02-11 14:33:15.759--ServerSession(1825738663)--Thread(Thread[main,5,main])--The target entity (reference) class for the many to many mapping element [field profissionais] is being defaulted to: class descorp.agendamentoweb.entities.Profissional.
[EL Config]: metadata: 2021-02-11 14:33:15.76--ServerSession(1825738663)--Thread(Thread[main,5,main])--The access type for the persistent class [class descorp.agendamentoweb.entities.DiasSemana] is set to [FIELD].
[EL Config]: metadata: 2021-02-11 14:33:15.76--ServerSession(1825738663)--Thread(Thread[main,5,main])--The target entity (reference) class for the many to many mapping element [field profissionais] is being defaulted to: class descorp.agendamentoweb.entities.Profissional.
[EL Config]: metadata: 2021-02-11 14:33:15.76--ServerSession(1825738663)--Thread(Thread[main,5,main])--The alias name for the entity class [class descorp.agendamentoweb.entities.Endereco] is being defaulted to: Endereco.
[EL Config]: metadata: 2021-02-11 14:33:15.776--ServerSession(1825738663)--Thread(Thread[main,5,main])--The column name for element [id] is being defaulted to: ID.
[EL Config]: metadata: 2021-02-11 14:33:15.783--ServerSession(1825738663)--Thread(Thread[main,5,main])--The alias name for the entity class [class descorp.agendamentoweb.entities.Profissional] is being defaulted to: Profissional.
[EL Config]: metadata: 2021-02-11 14:33:15.788--ServerSession(1825738663)--Thread(Thread[main,5,main])--The column name for element [id] is being defaulted to: ID.
[EL Config]: metadata: 2021-02-11 14:33:15.789--ServerSession(1825738663)--Thread(Thread[main,5,main])--The alias name for the entity class [class descorp.agendamentoweb.entities.Sala] is being defaulted to: Sala.
[EL Config]: metadata: 2021-02-11 14:33:15.789--ServerSession(1825738663)--Thread(Thread[main,5,main])--The column name for element [id] is being defaulted to: ID.
[EL Config]: metadata: 2021-02-11 14:33:15.79--ServerSession(1825738663)--Thread(Thread[main,5,main])--The alias name for the entity class [class descorp.agendamentoweb.entities.Cliente] is being defaulted to: Cliente.
[EL Config]: metadata: 2021-02-11 14:33:15.79--ServerSession(1825738663)--Thread(Thread[main,5,main])--The alias name for the entity class [class descorp.agendamentoweb.entities.Usuario] is being defaulted to: Usuario.
[EL Config]: metadata: 2021-02-11 14:33:15.791--ServerSession(1825738663)--Thread(Thread[main,5,main])--The column name for element [id] is being defaulted to: ID.
[EL Config]: metadata: 2021-02-11 14:33:15.796--ServerSession(1825738663)--Thread(Thread[main,5,main])--The alias name for the entity class [class descorp.agendamentoweb.entities.Agendamento] is being defaulted to: Agendamento.
[EL Config]: metadata: 2021-02-11 14:33:15.796--ServerSession(1825738663)--Thread(Thread[main,5,main])--The column name for element [id] is being defaulted to: ID.
[EL Config]: metadata: 2021-02-11 14:33:15.797--ServerSession(1825738663)--Thread(Thread[main,5,main])--The alias name for the entity class [class descorp.agendamentoweb.entities.Estabelecimento] is being defaulted to: Estabelecimento.
[EL Config]: metadata: 2021-02-11 14:33:15.797--ServerSession(1825738663)--Thread(Thread[main,5,main])--The alias name for the entity class [class descorp.agendamentoweb.entities.Procedimento] is being defaulted to: Procedimento.
[EL Config]: metadata: 2021-02-11 14:33:15.798--ServerSession(1825738663)--Thread(Thread[main,5,main])--The column name for element [id] is being defaulted to: ID.
[EL Config]: metadata: 2021-02-11 14:33:15.799--ServerSession(1825738663)--Thread(Thread[main,5,main])--The alias name for the entity class [class descorp.agendamentoweb.entities.DiasSemana] is being defaulted to: DiasSemana.
[EL Config]: metadata: 2021-02-11 14:33:15.799--ServerSession(1825738663)--Thread(Thread[main,5,main])--The column name for element [id] is being defaulted to: ID.
[EL Config]: metadata: 2021-02-11 14:33:15.824--ServerSession(1825738663)--Thread(Thread[main,5,main])--The source primary key column name for the many to many mapping [field diasSemana] is being defaulted to: ID.
[EL Config]: metadata: 2021-02-11 14:33:15.824--ServerSession(1825738663)--Thread(Thread[main,5,main])--The target primary key column name for the many to many mapping [field diasSemana] is being defaulted to: ID.
[EL Config]: metadata: 2021-02-11 14:33:15.825--ServerSession(1825738663)--Thread(Thread[main,5,main])--The source primary key column name for the many to many mapping [field procedimentos] is being defaulted to: ID.
[EL Config]: metadata: 2021-02-11 14:33:15.833--ServerSession(1825738663)--Thread(Thread[main,5,main])--The target primary key column name for the many to many mapping [field procedimentos] is being defaulted to: ID.
[EL Config]: metadata: 2021-02-11 14:33:15.834--ServerSession(1825738663)--Thread(Thread[main,5,main])--The source primary key column name for the many to many mapping [field profissionais] is being defaulted to: ID.
[EL Config]: metadata: 2021-02-11 14:33:15.834--ServerSession(1825738663)--Thread(Thread[main,5,main])--The target primary key column name for the many to many mapping [field profissionais] is being defaulted to: ID.
[EL Info]: 2021-02-11 14:33:15.989--ServerSession(1825738663)--Thread(Thread[main,5,main])--EclipseLink, version: Eclipse Persistence Services - 2.7.8.v20201217-ecdf3c32c4
[EL Fine]: connection: 2021-02-11 14:33:15.989--ServerSession(1825738663)--Connection(238816832)--Thread(Thread[main,5,main])--connecting(DatabaseLogin(
	platform=&gt;DerbyPlatform
	user name=&gt; &quot;agendamento_web&quot;
	datasource URL=&gt; &quot;jdbc:derby://localhost:1527/agendamento_web;create=true&quot;
))
[EL Config]: connection: 2021-02-11 14:33:16.209--ServerSession(1825738663)--Connection(2048529572)--Thread(Thread[main,5,main])--Connected: jdbc:derby://localhost:1527/agendamento_web;create=true
	User: agendamento_web
	Database: Apache Derby  Version: 10.14.2.0 - (1828579)
	Driver: Apache Derby Network Client JDBC Driver  Version: 10.14.2.0 - (1828579)
[EL Warning]: metadata: 2021-02-11 14:33:16.227--ServerSession(1825738663)--Thread(Thread[main,5,main])--Reverting the lazy setting on the OneToOne or ManyToOne attribute [endereco] for the entity class [class descorp.agendamentoweb.entities.Estabelecimento] since weaving was not enabled or did not occur.
[EL Warning]: metadata: 2021-02-11 14:33:16.227--ServerSession(1825738663)--Thread(Thread[main,5,main])--Reverting the lazy setting on the OneToOne or ManyToOne attribute [sala] for the entity class [class descorp.agendamentoweb.entities.Estabelecimento] since weaving was not enabled or did not occur.
[EL Warning]: metadata: 2021-02-11 14:33:16.249--ServerSession(1825738663)--Thread(Thread[main,5,main])--Reverting the lazy setting on the OneToOne or ManyToOne attribute [estabelecimento] for the entity class [class descorp.agendamentoweb.entities.Sala] since weaving was not enabled or did not occur.
[EL Warning]: metadata: 2021-02-11 14:33:16.249--ServerSession(1825738663)--Thread(Thread[main,5,main])--Reverting the lazy setting on the OneToOne or ManyToOne attribute [usuario] for the entity class [class descorp.agendamentoweb.entities.Agendamento] since weaving was not enabled or did not occur.
[EL Warning]: metadata: 2021-02-11 14:33:16.25--ServerSession(1825738663)--Thread(Thread[main,5,main])--Reverting the lazy setting on the OneToOne or ManyToOne attribute [procedimento] for the entity class [class descorp.agendamentoweb.entities.Agendamento] since weaving was not enabled or did not occur.
[EL Warning]: metadata: 2021-02-11 14:33:16.25--ServerSession(1825738663)--Thread(Thread[main,5,main])--Reverting the lazy setting on the OneToOne or ManyToOne attribute [profissional] for the entity class [class descorp.agendamentoweb.entities.Agendamento] since weaving was not enabled or did not occur.
[EL Fine]: connection: 2021-02-11 14:33:16.281--ServerSession(1825738663)--Thread(Thread[main,5,main])--/file:/C:/Users/marco/OneDrive/Faculdade/5º Período/Descorp/agendamentoweb/target/classes/_agendamento_web login successful
[EL Fine]: sql: 2021-02-11 14:33:16.309--ServerSession(1825738663)--Connection(2048529572)--Thread(Thread[main,5,main])--ALTER TABLE sala DROP CONSTRAINT sladstabelecimento
[EL Fine]: sql: 2021-02-11 14:33:16.335--ServerSession(1825738663)--Connection(2048529572)--Thread(Thread[main,5,main])--ALTER TABLE cliente DROP CONSTRAINT cliente_id_usuario
[EL Fine]: sql: 2021-02-11 14:33:16.338--ServerSession(1825738663)--Connection(2048529572)--Thread(Thread[main,5,main])--ALTER TABLE agendamento DROP CONSTRAINT gendamentosuarioid
[EL Fine]: sql: 2021-02-11 14:33:16.348--ServerSession(1825738663)--Connection(2048529572)--Thread(Thread[main,5,main])--ALTER TABLE agendamento DROP CONSTRAINT gndmntoprfssonalid
[EL Fine]: sql: 2021-02-11 14:33:16.359--ServerSession(1825738663)--Connection(2048529572)--Thread(Thread[main,5,main])--ALTER TABLE agendamento DROP CONSTRAINT gndmntoprcdmentoid
[EL Fine]: sql: 2021-02-11 14:33:16.37--ServerSession(1825738663)--Connection(2048529572)--Thread(Thread[main,5,main])--ALTER TABLE estabelecimento DROP CONSTRAINT stblecimentodsario
[EL Fine]: sql: 2021-02-11 14:33:16.374--ServerSession(1825738663)--Connection(2048529572)--Thread(Thread[main,5,main])--ALTER TABLE estabelecimento DROP CONSTRAINT stblcimentodndreco
[EL Fine]: sql: 2021-02-11 14:33:16.384--ServerSession(1825738663)--Connection(2048529572)--Thread(Thread[main,5,main])--ALTER TABLE profissional_has_dias_semana DROP CONSTRAINT prfssnlhsdprfssnld
[EL Fine]: sql: 2021-02-11 14:33:16.397--ServerSession(1825738663)--Connection(2048529572)--Thread(Thread[main,5,main])--ALTER TABLE profissional_has_dias_semana DROP CONSTRAINT prfssnlhsdssdssmnd
[EL Fine]: sql: 2021-02-11 14:33:16.409--ServerSession(1825738663)--Connection(2048529572)--Thread(Thread[main,5,main])--ALTER TABLE procedimento_profissional DROP CONSTRAINT prcdmntprfprfssnld
[EL Fine]: sql: 2021-02-11 14:33:16.421--ServerSession(1825738663)--Connection(2048529572)--Thread(Thread[main,5,main])--ALTER TABLE procedimento_profissional DROP CONSTRAINT prcdmntprfprcdmntd
[EL Fine]: sql: 2021-02-11 14:33:16.437--ServerSession(1825738663)--Connection(2048529572)--Thread(Thread[main,5,main])--ALTER TABLE cliente_has_procedimento DROP CONSTRAINT clnthsprcdprcdmntd
[EL Fine]: sql: 2021-02-11 14:33:16.448--ServerSession(1825738663)--Connection(2048529572)--Thread(Thread[main,5,main])--ALTER TABLE cliente_has_procedimento DROP CONSTRAINT clnthsprcdmntclntd
[EL Fine]: sql: 2021-02-11 14:33:16.461--ServerSession(1825738663)--Connection(2048529572)--Thread(Thread[main,5,main])--DROP TABLE endereco
[EL Fine]: sql: 2021-02-11 14:33:16.48--ServerSession(1825738663)--Connection(2048529572)--Thread(Thread[main,5,main])--DROP TABLE profissional
[EL Fine]: sql: 2021-02-11 14:33:16.497--ServerSession(1825738663)--Connection(2048529572)--Thread(Thread[main,5,main])--DROP TABLE sala
[EL Fine]: sql: 2021-02-11 14:33:16.514--ServerSession(1825738663)--Connection(2048529572)--Thread(Thread[main,5,main])--DROP TABLE usuario
[EL Fine]: sql: 2021-02-11 14:33:16.533--ServerSession(1825738663)--Connection(2048529572)--Thread(Thread[main,5,main])--DROP TABLE cliente
[EL Fine]: sql: 2021-02-11 14:33:16.553--ServerSession(1825738663)--Connection(2048529572)--Thread(Thread[main,5,main])--DROP TABLE agendamento
[EL Fine]: sql: 2021-02-11 14:33:16.571--ServerSession(1825738663)--Connection(2048529572)--Thread(Thread[main,5,main])--DROP TABLE estabelecimento
[EL Fine]: sql: 2021-02-11 14:33:16.587--ServerSession(1825738663)--Connection(2048529572)--Thread(Thread[main,5,main])--DROP TABLE procedimento
[EL Fine]: sql: 2021-02-11 14:33:16.605--ServerSession(1825738663)--Connection(2048529572)--Thread(Thread[main,5,main])--DROP TABLE dias_semana
[EL Fine]: sql: 2021-02-11 14:33:16.62--ServerSession(1825738663)--Connection(2048529572)--Thread(Thread[main,5,main])--DROP TABLE profissional_has_dias_semana
[EL Fine]: sql: 2021-02-11 14:33:16.637--ServerSession(1825738663)--Connection(2048529572)--Thread(Thread[main,5,main])--DROP TABLE procedimento_profissional
[EL Fine]: sql: 2021-02-11 14:33:16.655--ServerSession(1825738663)--Connection(2048529572)--Thread(Thread[main,5,main])--DROP TABLE cliente_has_procedimento
[EL Fine]: sql: 2021-02-11 14:33:16.682--ServerSession(1825738663)--Connection(2048529572)--Thread(Thread[main,5,main])--DELETE FROM SEQUENCE WHERE SEQ_NAME = &apos;SEQ_GEN&apos;
[EL Fine]: sql: 2021-02-11 14:33:16.71--ServerSession(1825738663)--Connection(2048529572)--Thread(Thread[main,5,main])--CREATE TABLE endereco (ID BIGINT NOT NULL, bairro VARCHAR(20) NOT NULL, cep VARCHAR(9) NOT NULL, cidade VARCHAR(30) NOT NULL, estado VARCHAR(20) NOT NULL, numero INTEGER NOT NULL, rua VARCHAR(45) NOT NULL, PRIMARY KEY (ID))
[EL Fine]: sql: 2021-02-11 14:33:16.733--ServerSession(1825738663)--Connection(2048529572)--Thread(Thread[main,5,main])--CREATE TABLE profissional (ID BIGINT NOT NULL, especializacao VARCHAR(45) NOT NULL, hora_final TIME NOT NULL, hora_inicial TIME NOT NULL, nome_profissional VARCHAR(45) NOT NULL, profissao VARCHAR(45) NOT NULL, PRIMARY KEY (ID))
[EL Fine]: sql: 2021-02-11 14:33:16.753--ServerSession(1825738663)--Connection(2048529572)--Thread(Thread[main,5,main])--CREATE TABLE sala (ID BIGINT NOT NULL, num_sala INTEGER NOT NULL, id_estabelecimento BIGINT, PRIMARY KEY (ID))
[EL Fine]: sql: 2021-02-11 14:33:16.772--ServerSession(1825738663)--Connection(2048529572)--Thread(Thread[main,5,main])--CREATE TABLE usuario (ID BIGINT GENERATED BY DEFAULT AS IDENTITY NOT NULL, DISC_USUARIO VARCHAR(1), email VARCHAR(50) NOT NULL, senha VARCHAR(20) NOT NULL, telefone VARCHAR(20) NOT NULL, PRIMARY KEY (ID))
[EL Fine]: sql: 2021-02-11 14:33:16.794--ServerSession(1825738663)--Connection(2048529572)--Thread(Thread[main,5,main])--CREATE TABLE cliente (id_usuario BIGINT NOT NULL, cpf VARCHAR(15) NOT NULL, nome VARCHAR(60) NOT NULL, PRIMARY KEY (id_usuario))
[EL Fine]: sql: 2021-02-11 14:33:16.813--ServerSession(1825738663)--Connection(2048529572)--Thread(Thread[main,5,main])--CREATE TABLE agendamento (ID BIGINT NOT NULL, data DATE NOT NULL, hora VARCHAR(45) NOT NULL, horarios_disponiveis_id INTEGER NOT NULL, procedimento_id BIGINT, profissional_id BIGINT, usuario_id BIGINT, PRIMARY KEY (ID))
[EL Fine]: sql: 2021-02-11 14:33:16.834--ServerSession(1825738663)--Connection(2048529572)--Thread(Thread[main,5,main])--CREATE TABLE estabelecimento (id_usuario BIGINT NOT NULL, cnpj VARCHAR(30) NOT NULL, razaoSocial VARCHAR(50) NOT NULL, id_endereco BIGINT, PRIMARY KEY (id_usuario))
[EL Fine]: sql: 2021-02-11 14:33:16.853--ServerSession(1825738663)--Connection(2048529572)--Thread(Thread[main,5,main])--CREATE TABLE procedimento (ID BIGINT NOT NULL, duracao_procedimento TIME NOT NULL, natureza_procedimento VARCHAR(45) NOT NULL, nome_procedimento VARCHAR(45) NOT NULL, PRIMARY KEY (ID))
[EL Fine]: sql: 2021-02-11 14:33:16.874--ServerSession(1825738663)--Connection(2048529572)--Thread(Thread[main,5,main])--CREATE TABLE dias_semana (ID BIGINT NOT NULL, nome_dia VARCHAR(10) NOT NULL, PRIMARY KEY (ID))
[EL Fine]: sql: 2021-02-11 14:33:16.897--ServerSession(1825738663)--Connection(2048529572)--Thread(Thread[main,5,main])--CREATE TABLE profissional_has_dias_semana (profissional_id BIGINT NOT NULL, dias_semana_id BIGINT NOT NULL, PRIMARY KEY (profissional_id, dias_semana_id))
[EL Fine]: sql: 2021-02-11 14:33:16.916--ServerSession(1825738663)--Connection(2048529572)--Thread(Thread[main,5,main])--CREATE TABLE procedimento_profissional (profissional_id BIGINT NOT NULL, procedimento_id BIGINT NOT NULL, PRIMARY KEY (profissional_id, procedimento_id))
[EL Fine]: sql: 2021-02-11 14:33:16.939--ServerSession(1825738663)--Connection(2048529572)--Thread(Thread[main,5,main])--CREATE TABLE cliente_has_procedimento (cliente_id BIGINT NOT NULL, procedimento_id BIGINT NOT NULL, PRIMARY KEY (cliente_id, procedimento_id))
[EL Fine]: sql: 2021-02-11 14:33:16.96--ServerSession(1825738663)--Connection(2048529572)--Thread(Thread[main,5,main])--ALTER TABLE sala ADD CONSTRAINT sladstabelecimento FOREIGN KEY (id_estabelecimento) REFERENCES usuario (ID)
[EL Fine]: sql: 2021-02-11 14:33:16.975--ServerSession(1825738663)--Connection(2048529572)--Thread(Thread[main,5,main])--ALTER TABLE cliente ADD CONSTRAINT cliente_id_usuario FOREIGN KEY (id_usuario) REFERENCES usuario (ID)
[EL Fine]: sql: 2021-02-11 14:33:16.981--ServerSession(1825738663)--Connection(2048529572)--Thread(Thread[main,5,main])--ALTER TABLE agendamento ADD CONSTRAINT gendamentosuarioid FOREIGN KEY (usuario_id) REFERENCES usuario (ID)
[EL Fine]: sql: 2021-02-11 14:33:16.994--ServerSession(1825738663)--Connection(2048529572)--Thread(Thread[main,5,main])--ALTER TABLE agendamento ADD CONSTRAINT gndmntoprfssonalid FOREIGN KEY (profissional_id) REFERENCES profissional (ID)
[EL Fine]: sql: 2021-02-11 14:33:17.007--ServerSession(1825738663)--Connection(2048529572)--Thread(Thread[main,5,main])--ALTER TABLE agendamento ADD CONSTRAINT gndmntoprcdmentoid FOREIGN KEY (procedimento_id) REFERENCES procedimento (ID)
[EL Fine]: sql: 2021-02-11 14:33:17.02--ServerSession(1825738663)--Connection(2048529572)--Thread(Thread[main,5,main])--ALTER TABLE estabelecimento ADD CONSTRAINT stblecimentodsario FOREIGN KEY (id_usuario) REFERENCES usuario (ID)
[EL Fine]: sql: 2021-02-11 14:33:17.025--ServerSession(1825738663)--Connection(2048529572)--Thread(Thread[main,5,main])--ALTER TABLE estabelecimento ADD CONSTRAINT stblcimentodndreco FOREIGN KEY (id_endereco) REFERENCES endereco (ID)
[EL Fine]: sql: 2021-02-11 14:33:17.037--ServerSession(1825738663)--Connection(2048529572)--Thread(Thread[main,5,main])--ALTER TABLE profissional_has_dias_semana ADD CONSTRAINT prfssnlhsdprfssnld FOREIGN KEY (profissional_id) REFERENCES profissional (ID)
[EL Fine]: sql: 2021-02-11 14:33:17.048--ServerSession(1825738663)--Connection(2048529572)--Thread(Thread[main,5,main])--ALTER TABLE profissional_has_dias_semana ADD CONSTRAINT prfssnlhsdssdssmnd FOREIGN KEY (dias_semana_id) REFERENCES dias_semana (ID)
[EL Fine]: sql: 2021-02-11 14:33:17.061--ServerSession(1825738663)--Connection(2048529572)--Thread(Thread[main,5,main])--ALTER TABLE procedimento_profissional ADD CONSTRAINT prcdmntprfprfssnld FOREIGN KEY (profissional_id) REFERENCES profissional (ID)
[EL Fine]: sql: 2021-02-11 14:33:17.072--ServerSession(1825738663)--Connection(2048529572)--Thread(Thread[main,5,main])--ALTER TABLE procedimento_profissional ADD CONSTRAINT prcdmntprfprcdmntd FOREIGN KEY (procedimento_id) REFERENCES procedimento (ID)
[EL Fine]: sql: 2021-02-11 14:33:17.086--ServerSession(1825738663)--Connection(2048529572)--Thread(Thread[main,5,main])--ALTER TABLE cliente_has_procedimento ADD CONSTRAINT clnthsprcdprcdmntd FOREIGN KEY (procedimento_id) REFERENCES procedimento (ID)
[EL Fine]: sql: 2021-02-11 14:33:17.098--ServerSession(1825738663)--Connection(2048529572)--Thread(Thread[main,5,main])--ALTER TABLE cliente_has_procedimento ADD CONSTRAINT clnthsprcdmntclntd FOREIGN KEY (cliente_id) REFERENCES usuario (ID)
[EL Fine]: sql: 2021-02-11 14:33:17.112--ServerSession(1825738663)--Connection(2048529572)--Thread(Thread[main,5,main])--SELECT * FROM SEQUENCE WHERE SEQ_NAME = &apos;SEQ_GEN&apos;
[EL Fine]: sql: 2021-02-11 14:33:17.113--ServerSession(1825738663)--Connection(2048529572)--Thread(Thread[main,5,main])--INSERT INTO SEQUENCE(SEQ_NAME, SEQ_COUNT) values (&apos;SEQ_GEN&apos;, 0)
[EL Fine]: connection: 2021-02-11 14:33:17.417--ServerSession(1825738663)--Connection(2048529572)--Thread(Thread[main,5,main])--disconnect
[EL Fine]: connection: 2021-02-11 14:33:17.418--ServerSession(1825738663)--Thread(Thread[main,5,main])--/file:/C:/Users/marco/OneDrive/Faculdade/5º Período/Descorp/agendamentoweb/target/classes/_agendamento_web logout successful
[EL Fine]: connection: 2021-02-11 14:33:17.418--ServerSession(1825738663)--Connection(238816832)--Thread(Thread[main,5,main])--disconnect
</system-out>
    <system-err>SLF4J: Failed to load class &quot;org.slf4j.impl.StaticLoggerBinder&quot;.
SLF4J: Defaulting to no-operation (NOP) logger implementation
SLF4J: See http://www.slf4j.org/codes.html#StaticLoggerBinder for further details.
</system-err>
  </testcase>
</testsuite>